stdio    D         file_stdio.c:110  file_stdio_fopen                 [   0.00000] opening C:\Users\Gopmur\Desktop\My files\Ferdosi\Project\Hey that's my fish\x64\Debug\allegro5.cfg r
system   D            wsystem.c:819  maybe_parent_dir                 [   0.00000] Also searching C:\Users\Gopmur\Desktop\My files\Ferdosi\Project\Hey that's my fish\x64\
system   D            wsystem.c:874  _al_win_safe_load_library        [   0.00000] PathFindOnPath found: C:\WINDOWS\system32\shcore.dll
system   D            wsystem.c:780  load_library_at_path             [   0.00000] Calling LoadLibrary C:\WINDOWS\system32\shcore.dll
system   I            wsystem.c:783  load_library_at_path             [   0.00000] Loaded C:\WINDOWS\system32\shcore.dll
system   I             system.c:271  al_install_system                [   0.00000] Allegro version: 5.2.7
dtor     D               dtor.c:196  _al_register_destructor          [   0.00099] added dtor for timer 000001C4E1BC5000, func 00007FFF64EA104B
dtor     D               dtor.c:196  _al_register_destructor          [   0.00119] added dtor for queue 000001C4E1BE23F0, func 00007FFF64EA1C21
system   D            wsystem.c:819  maybe_parent_dir                 [   0.00157] Also searching C:\Users\Gopmur\Desktop\My files\Ferdosi\Project\Hey that's my fish\x64\
system   D            wsystem.c:874  _al_win_safe_load_library        [   0.00216] PathFindOnPath found: C:\WINDOWS\system32\d3d9.dll
system   D            wsystem.c:780  load_library_at_path             [   0.00229] Calling LoadLibrary C:\WINDOWS\system32\d3d9.dll
system   I            wsystem.c:783  load_library_at_path             [   0.00806] Loaded C:\WINDOWS\system32\d3d9.dll
d3d      I         d3d_disp.cpp:684  d3d_init_display                 [   0.01785] Render-to-texture: 1
d3d      I         d3d_disp.cpp:1782 d3d_create_display_locked        [   0.01914] faux_fullscreen=0
d3d      D         d3d_disp.cpp:1783 d3d_create_display_locked        [   0.01923] al_display=000001C4E1C533C0
d3d      D         d3d_disp.cpp:1784 d3d_create_display_locked        [   0.01933] al_display->vt=000001C4E1BF4AA0
d3d      I d3d_display_formats.cpp:144  _al_d3d_generate_display_format_list [   0.02432] found 64 format combinations
display  D   display_settings.c:212  debug_display_settings           [   0.02459] color: 32 (rgba 8880), depth: 0, stencil: 0, acc: 0000, samples: 0/0
display  D   display_settings.c:527  _al_score_display_settings       [   0.02474] Score is : 897
display  D   display_settings.c:212  debug_display_settings           [   0.02481] color: 32 (rgba 8880), depth: 0, stencil: 0, acc: 0000, samples: 0/0
display  D   display_settings.c:527  _al_score_display_settings       [   0.02487] Score is : 897
display  D   display_settings.c:212  debug_display_settings           [   0.02492] color: 32 (rgba 8880), depth: 24, stencil: 8, acc: 0000, samples: 0/0
display  D   display_settings.c:527  _al_score_display_settings       [   0.02498] Score is : 897
display  D   display_settings.c:212  debug_display_settings           [   0.02503] color: 32 (rgba 8880), depth: 24, stencil: 8, acc: 0000, samples: 0/0
display  D   display_settings.c:527  _al_score_display_settings       [   0.02514] Score is : 897
display  D   display_settings.c:212  debug_display_settings           [   0.02518] color: 32 (rgba 8880), depth: 24, stencil: 0, acc: 0000, samples: 0/0
display  D   display_settings.c:527  _al_score_display_settings       [   0.02523] Score is : 897
display  D   display_settings.c:212  debug_display_settings           [   0.02528] color: 32 (rgba 8880), depth: 24, stencil: 0, acc: 0000, samples: 0/0
display  D   display_settings.c:527  _al_score_display_settings       [   0.02533] Score is : 897
display  D   display_settings.c:212  debug_display_settings           [   0.02540] color: 32 (rgba 8880), depth: 16, stencil: 0, acc: 0000, samples: 0/0
display  D   display_settings.c:527  _al_score_display_settings       [   0.02550] Score is : 897
display  D   display_settings.c:212  debug_display_settings           [   0.02556] color: 32 (rgba 8880), depth: 16, stencil: 0, acc: 0000, samples: 0/0
display  D   display_settings.c:527  _al_score_display_settings       [   0.02570] Score is : 897
display  D   display_settings.c:212  debug_display_settings           [   0.02576] color: 16 (rgba 5650), depth: 0, stencil: 0, acc: 0000, samples: 0/0
display  D   display_settings.c:527  _al_score_display_settings       [   0.02581] Score is : 897
display  D   display_settings.c:212  debug_display_settings           [   0.02586] color: 16 (rgba 5650), depth: 0, stencil: 0, acc: 0000, samples: 0/0
display  D   display_settings.c:527  _al_score_display_settings       [   0.02597] Score is : 897
display  D   display_settings.c:212  debug_display_settings           [   0.02604] color: 16 (rgba 5650), depth: 24, stencil: 8, acc: 0000, samples: 0/0
display  D   display_settings.c:527  _al_score_display_settings       [   0.02610] Score is : 897
display  D   display_settings.c:212  debug_display_settings           [   0.02614] color: 16 (rgba 5650), depth: 24, stencil: 8, acc: 0000, samples: 0/0
display  D   display_settings.c:527  _al_score_display_settings       [   0.02620] Score is : 897
display  D   display_settings.c:212  debug_display_settings           [   0.02624] color: 16 (rgba 5650), depth: 24, stencil: 0, acc: 0000, samples: 0/0
display  D   display_settings.c:527  _al_score_display_settings       [   0.02629] Score is : 897
display  D   display_settings.c:212  debug_display_settings           [   0.02633] color: 16 (rgba 5650), depth: 24, stencil: 0, acc: 0000, samples: 0/0
display  D   display_settings.c:527  _al_score_display_settings       [   0.02645] Score is : 897
display  D   display_settings.c:212  debug_display_settings           [   0.02657] color: 16 (rgba 5650), depth: 16, stencil: 0, acc: 0000, samples: 0/0
display  D   display_settings.c:527  _al_score_display_settings       [   0.02667] Score is : 897
display  D   display_settings.c:212  debug_display_settings           [   0.02674] color: 16 (rgba 5650), depth: 16, stencil: 0, acc: 0000, samples: 0/0
display  D   display_settings.c:527  _al_score_display_settings       [   0.02681] Score is : 897
display  D   display_settings.c:212  debug_display_settings           [   0.02686] color: 32 (rgba 8880), depth: 0, stencil: 0, acc: 0000, samples: 0/0
display  D   display_settings.c:398  _al_score_display_settings       [   0.02691] Single Buffer requirement not met.
display  D   display_settings.c:212  debug_display_settings           [   0.02696] color: 32 (rgba 8880), depth: 0, stencil: 0, acc: 0000, samples: 0/0
display  D   display_settings.c:398  _al_score_display_settings       [   0.02701] Single Buffer requirement not met.
display  D   display_settings.c:212  debug_display_settings           [   0.02706] color: 32 (rgba 8880), depth: 24, stencil: 8, acc: 0000, samples: 0/0
display  D   display_settings.c:398  _al_score_display_settings       [   0.02711] Single Buffer requirement not met.
display  D   display_settings.c:212  debug_display_settings           [   0.02715] color: 32 (rgba 8880), depth: 24, stencil: 8, acc: 0000, samples: 0/0
display  D   display_settings.c:398  _al_score_display_settings       [   0.02720] Single Buffer requirement not met.
display  D   display_settings.c:212  debug_display_settings           [   0.02725] color: 32 (rgba 8880), depth: 24, stencil: 0, acc: 0000, samples: 0/0
display  D   display_settings.c:398  _al_score_display_settings       [   0.02730] Single Buffer requirement not met.
display  D   display_settings.c:212  debug_display_settings           [   0.02735] color: 32 (rgba 8880), depth: 24, stencil: 0, acc: 0000, samples: 0/0
display  D   display_settings.c:398  _al_score_display_settings       [   0.02740] Single Buffer requirement not met.
display  D   display_settings.c:212  debug_display_settings           [   0.02745] color: 32 (rgba 8880), depth: 16, stencil: 0, acc: 0000, samples: 0/0
display  D   display_settings.c:398  _al_score_display_settings       [   0.02750] Single Buffer requirement not met.
display  D   display_settings.c:212  debug_display_settings           [   0.02755] color: 32 (rgba 8880), depth: 16, stencil: 0, acc: 0000, samples: 0/0
display  D   display_settings.c:398  _al_score_display_settings       [   0.02761] Single Buffer requirement not met.
display  D   display_settings.c:212  debug_display_settings           [   0.02765] color: 16 (rgba 5650), depth: 0, stencil: 0, acc: 0000, samples: 0/0
display  D   display_settings.c:398  _al_score_display_settings       [   0.02771] Single Buffer requirement not met.
display  D   display_settings.c:212  debug_display_settings           [   0.02775] color: 16 (rgba 5650), depth: 0, stencil: 0, acc: 0000, samples: 0/0
display  D   display_settings.c:398  _al_score_display_settings       [   0.02780] Single Buffer requirement not met.
display  D   display_settings.c:212  debug_display_settings           [   0.02785] color: 16 (rgba 5650), depth: 24, stencil: 8, acc: 0000, samples: 0/0
display  D   display_settings.c:398  _al_score_display_settings       [   0.02790] Single Buffer requirement not met.
display  D   display_settings.c:212  debug_display_settings           [   0.02794] color: 16 (rgba 5650), depth: 24, stencil: 8, acc: 0000, samples: 0/0
display  D   display_settings.c:398  _al_score_display_settings       [   0.02799] Single Buffer requirement not met.
display  D   display_settings.c:212  debug_display_settings           [   0.02804] color: 16 (rgba 5650), depth: 24, stencil: 0, acc: 0000, samples: 0/0
display  D   display_settings.c:398  _al_score_display_settings       [   0.02809] Single Buffer requirement not met.
display  D   display_settings.c:212  debug_display_settings           [   0.02813] color: 16 (rgba 5650), depth: 24, stencil: 0, acc: 0000, samples: 0/0
display  D   display_settings.c:398  _al_score_display_settings       [   0.02818] Single Buffer requirement not met.
display  D   display_settings.c:212  debug_display_settings           [   0.02823] color: 16 (rgba 5650), depth: 16, stencil: 0, acc: 0000, samples: 0/0
display  D   display_settings.c:398  _al_score_display_settings       [   0.02828] Single Buffer requirement not met.
display  D   display_settings.c:212  debug_display_settings           [   0.02833] color: 16 (rgba 5650), depth: 16, stencil: 0, acc: 0000, samples: 0/0
display  D   display_settings.c:398  _al_score_display_settings       [   0.02839] Single Buffer requirement not met.
display  D   display_settings.c:212  debug_display_settings           [   0.02843] color: 32 (rgba 8880), depth: 0, stencil: 0, acc: 0000, samples: 0/0
display  D   display_settings.c:527  _al_score_display_settings       [   0.02848] Score is : 769
display  D   display_settings.c:212  debug_display_settings           [   0.02853] color: 32 (rgba 8880), depth: 0, stencil: 0, acc: 0000, samples: 0/0
display  D   display_settings.c:527  _al_score_display_settings       [   0.02858] Score is : 769
display  D   display_settings.c:212  debug_display_settings           [   0.02862] color: 32 (rgba 8880), depth: 24, stencil: 8, acc: 0000, samples: 0/0
display  D   display_settings.c:527  _al_score_display_settings       [   0.02867] Score is : 769
display  D   display_settings.c:212  debug_display_settings           [   0.02872] color: 32 (rgba 8880), depth: 24, stencil: 8, acc: 0000, samples: 0/0
display  D   display_settings.c:527  _al_score_display_settings       [   0.02877] Score is : 769
display  D   display_settings.c:212  debug_display_settings           [   0.02881] color: 32 (rgba 8880), depth: 24, stencil: 0, acc: 0000, samples: 0/0
display  D   display_settings.c:527  _al_score_display_settings       [   0.02886] Score is : 769
display  D   display_settings.c:212  debug_display_settings           [   0.02891] color: 32 (rgba 8880), depth: 24, stencil: 0, acc: 0000, samples: 0/0
display  D   display_settings.c:527  _al_score_display_settings       [   0.02896] Score is : 769
display  D   display_settings.c:212  debug_display_settings           [   0.02900] color: 32 (rgba 8880), depth: 16, stencil: 0, acc: 0000, samples: 0/0
display  D   display_settings.c:527  _al_score_display_settings       [   0.02906] Score is : 769
display  D   display_settings.c:212  debug_display_settings           [   0.02911] color: 32 (rgba 8880), depth: 16, stencil: 0, acc: 0000, samples: 0/0
display  D   display_settings.c:527  _al_score_display_settings       [   0.02916] Score is : 769
display  D   display_settings.c:212  debug_display_settings           [   0.02920] color: 16 (rgba 5650), depth: 0, stencil: 0, acc: 0000, samples: 0/0
display  D   display_settings.c:527  _al_score_display_settings       [   0.02926] Score is : 769
display  D   display_settings.c:212  debug_display_settings           [   0.02930] color: 16 (rgba 5650), depth: 0, stencil: 0, acc: 0000, samples: 0/0
display  D   display_settings.c:527  _al_score_display_settings       [   0.02936] Score is : 769
display  D   display_settings.c:212  debug_display_settings           [   0.02940] color: 16 (rgba 5650), depth: 24, stencil: 8, acc: 0000, samples: 0/0
display  D   display_settings.c:527  _al_score_display_settings       [   0.02945] Score is : 769
display  D   display_settings.c:212  debug_display_settings           [   0.02949] color: 16 (rgba 5650), depth: 24, stencil: 8, acc: 0000, samples: 0/0
display  D   display_settings.c:527  _al_score_display_settings       [   0.02955] Score is : 769
display  D   display_settings.c:212  debug_display_settings           [   0.02959] color: 16 (rgba 5650), depth: 24, stencil: 0, acc: 0000, samples: 0/0
display  D   display_settings.c:527  _al_score_display_settings       [   0.02964] Score is : 769
display  D   display_settings.c:212  debug_display_settings           [   0.02968] color: 16 (rgba 5650), depth: 24, stencil: 0, acc: 0000, samples: 0/0
display  D   display_settings.c:527  _al_score_display_settings       [   0.02973] Score is : 769
display  D   display_settings.c:212  debug_display_settings           [   0.02978] color: 16 (rgba 5650), depth: 16, stencil: 0, acc: 0000, samples: 0/0
display  D   display_settings.c:527  _al_score_display_settings       [   0.02983] Score is : 769
display  D   display_settings.c:212  debug_display_settings           [   0.02987] color: 16 (rgba 5650), depth: 16, stencil: 0, acc: 0000, samples: 0/0
display  D   display_settings.c:527  _al_score_display_settings       [   0.02992] Score is : 769
display  D   display_settings.c:212  debug_display_settings           [   0.02997] color: 32 (rgba 8880), depth: 0, stencil: 0, acc: 0000, samples: 0/0
display  D   display_settings.c:398  _al_score_display_settings       [   0.03003] Single Buffer requirement not met.
display  D   display_settings.c:212  debug_display_settings           [   0.03007] color: 32 (rgba 8880), depth: 0, stencil: 0, acc: 0000, samples: 0/0
display  D   display_settings.c:398  _al_score_display_settings       [   0.03012] Single Buffer requirement not met.
display  D   display_settings.c:212  debug_display_settings           [   0.03017] color: 32 (rgba 8880), depth: 24, stencil: 8, acc: 0000, samples: 0/0
display  D   display_settings.c:398  _al_score_display_settings       [   0.03022] Single Buffer requirement not met.
display  D   display_settings.c:212  debug_display_settings           [   0.03027] color: 32 (rgba 8880), depth: 24, stencil: 8, acc: 0000, samples: 0/0
display  D   display_settings.c:398  _al_score_display_settings       [   0.03032] Single Buffer requirement not met.
display  D   display_settings.c:212  debug_display_settings           [   0.03037] color: 32 (rgba 8880), depth: 24, stencil: 0, acc: 0000, samples: 0/0
display  D   display_settings.c:398  _al_score_display_settings       [   0.03043] Single Buffer requirement not met.
display  D   display_settings.c:212  debug_display_settings           [   0.03047] color: 32 (rgba 8880), depth: 24, stencil: 0, acc: 0000, samples: 0/0
display  D   display_settings.c:398  _al_score_display_settings       [   0.03052] Single Buffer requirement not met.
display  D   display_settings.c:212  debug_display_settings           [   0.03057] color: 32 (rgba 8880), depth: 16, stencil: 0, acc: 0000, samples: 0/0
display  D   display_settings.c:398  _al_score_display_settings       [   0.03072] Single Buffer requirement not met.
display  D   display_settings.c:212  debug_display_settings           [   0.03078] color: 32 (rgba 8880), depth: 16, stencil: 0, acc: 0000, samples: 0/0
display  D   display_settings.c:398  _al_score_display_settings       [   0.03100] Single Buffer requirement not met.
display  D   display_settings.c:212  debug_display_settings           [   0.03107] color: 16 (rgba 5650), depth: 0, stencil: 0, acc: 0000, samples: 0/0
display  D   display_settings.c:398  _al_score_display_settings       [   0.03116] Single Buffer requirement not met.
display  D   display_settings.c:212  debug_display_settings           [   0.03123] color: 16 (rgba 5650), depth: 0, stencil: 0, acc: 0000, samples: 0/0
display  D   display_settings.c:398  _al_score_display_settings       [   0.03132] Single Buffer requirement not met.
display  D   display_settings.c:212  debug_display_settings           [   0.03139] color: 16 (rgba 5650), depth: 24, stencil: 8, acc: 0000, samples: 0/0
display  D   display_settings.c:398  _al_score_display_settings       [   0.03149] Single Buffer requirement not met.
display  D   display_settings.c:212  debug_display_settings           [   0.03157] color: 16 (rgba 5650), depth: 24, stencil: 8, acc: 0000, samples: 0/0
display  D   display_settings.c:398  _al_score_display_settings       [   0.03166] Single Buffer requirement not met.
display  D   display_settings.c:212  debug_display_settings           [   0.03174] color: 16 (rgba 5650), depth: 24, stencil: 0, acc: 0000, samples: 0/0
display  D   display_settings.c:398  _al_score_display_settings       [   0.03183] Single Buffer requirement not met.
display  D   display_settings.c:212  debug_display_settings           [   0.03190] color: 16 (rgba 5650), depth: 24, stencil: 0, acc: 0000, samples: 0/0
display  D   display_settings.c:398  _al_score_display_settings       [   0.03198] Single Buffer requirement not met.
display  D   display_settings.c:212  debug_display_settings           [   0.03207] color: 16 (rgba 5650), depth: 16, stencil: 0, acc: 0000, samples: 0/0
display  D   display_settings.c:398  _al_score_display_settings       [   0.03218] Single Buffer requirement not met.
display  D   display_settings.c:212  debug_display_settings           [   0.03227] color: 16 (rgba 5650), depth: 16, stencil: 0, acc: 0000, samples: 0/0
display  D   display_settings.c:398  _al_score_display_settings       [   0.03236] Single Buffer requirement not met.
d3d      D         d3d_disp.cpp:1682 d3d_create_display_internals     [   0.03248] Trying format 0.
d3d      I         d3d_disp.cpp:1358 d3d_display_thread_proc          [   0.03292] Chose a display format: 23
d3d      I         d3d_disp.cpp:1427 d3d_display_thread_proc          [   0.03306] Normal window.
d3d      I         d3d_disp.cpp:791  d3d_create_device                [   0.08242] Using no depth stencil buffer
d3d      D         d3d_disp.cpp:853  d3d_create_device                [   0.12212] BeginScene succeeded in create_device
d3d      D         d3d_disp.cpp:861  d3d_create_device                [   0.12234] Success
d3d      D         d3d_disp.cpp:1705 d3d_create_display_internals     [   0.12250] Resumed after wait.
d3d      I         d3d_disp.cpp:1738 d3d_create_display_internals     [   0.12269] Format 0 succeeded.
d3d      D         d3d_disp.cpp:1769 d3d_create_display_internals     [   0.12287] Returning d3d_display: 000001C4E1C533C0
d3d      D         d3d_disp.cpp:1794 d3d_create_display_locked        [   0.12301] al_display=000001C4E1C533C0
d3d      D         d3d_disp.cpp:1795 d3d_create_display_locked        [   0.12311] al_display->vt=000001C4E1BF4AA0
system   D            wsystem.c:819  maybe_parent_dir                 [   0.12386] Also searching C:\Users\Gopmur\Desktop\My files\Ferdosi\Project\Hey that's my fish\x64\
system   D            wsystem.c:874  _al_win_safe_load_library        [   0.12484] PathFindOnPath found: C:\WINDOWS\system32\d3dx9_43.dll
system   D            wsystem.c:780  load_library_at_path             [   0.12507] Calling LoadLibrary C:\WINDOWS\system32\d3dx9_43.dll
system   I            wsystem.c:783  load_library_at_path             [   0.12872] Loaded C:\WINDOWS\system32\d3dx9_43.dll
d3dx9    I        d3d_d3dx9.cpp:88   _imp_load_d3dx9_module_version   [   0.12890] Module "d3dx9_43.dll" loaded.
stdio    D         file_stdio.c:110  file_stdio_fopen                 [   0.12908] opening ThaleahFat.ttf rb
font     D                ttf.c:943  al_load_ttf_font_stretch_f       [   0.12999] Font ThaleahFat.ttf loaded with pixel size 0 x 60.
font     D                ttf.c:945  al_load_ttf_font_stretch_f       [   0.13010]     ascent=40.0, descent=-15.0, height=60.0
dtor     D               dtor.c:196  _al_register_destructor          [   0.13022] added dtor for ttf_font 000001C4E1C9D620, func 00007FFFFB14128F
stdio    D         file_stdio.c:110  file_stdio_fopen                 [   0.13034] opening ThaleahFat.ttf rb
font     D                ttf.c:943  al_load_ttf_font_stretch_f       [   0.13103] Font ThaleahFat.ttf loaded with pixel size 0 x 40.
font     D                ttf.c:945  al_load_ttf_font_stretch_f       [   0.13116]     ascent=27.0, descent=-10.0, height=40.0
dtor     D               dtor.c:196  _al_register_destructor          [   0.13127] added dtor for ttf_font 000001C4E1C9D9A0, func 00007FFFFB14128F
stdio    D         file_stdio.c:110  file_stdio_fopen                 [   0.13141] opening ThaleahFat.ttf rb
font     D                ttf.c:943  al_load_ttf_font_stretch_f       [   0.13209] Font ThaleahFat.ttf loaded with pixel size 0 x 20.
font     D                ttf.c:945  al_load_ttf_font_stretch_f       [   0.13220]     ascent=14.0, descent=-5.0, height=20.0
dtor     D               dtor.c:196  _al_register_destructor          [   0.13230] added dtor for ttf_font 000001C4E850E450, func 00007FFFFB14128F
d3d      D         d3d_disp.cpp:1202 real_choose_bitmap_format        [   0.17860] Fake format
d3d      D         d3d_disp.cpp:1202 real_choose_bitmap_format        [   0.17869] Fake format
d3d      D         d3d_disp.cpp:1202 real_choose_bitmap_format        [   0.17874] Fake format
d3d      D         d3d_disp.cpp:1202 real_choose_bitmap_format        [   0.17878] Fake format
d3d      D         d3d_disp.cpp:1202 real_choose_bitmap_format        [   0.17882] Fake format
d3d      D         d3d_disp.cpp:1202 real_choose_bitmap_format        [   0.17887] Fake format
d3d      D         d3d_disp.cpp:1202 real_choose_bitmap_format        [   0.17891] Fake format
d3d      D         d3d_disp.cpp:1202 real_choose_bitmap_format        [   0.17897] Fake format
d3d      D         d3d_disp.cpp:1202 real_choose_bitmap_format        [   0.17902] Fake format
d3d      D         d3d_disp.cpp:1210 real_choose_bitmap_format        [   0.17907] Alpha doesn't match
d3d      D         d3d_disp.cpp:1217 real_choose_bitmap_format        [   0.17911] Adapter format is 23
d3d      D         d3d_disp.cpp:1220 real_choose_bitmap_format        [   0.17916] Found a format
d3d      I         d3d_disp.cpp:2391 d3d_create_bitmap                [   0.17921] Chose bitmap format 9
font     D                ttf.c:243  alloc_glyph_region               [   0.17992] Glyph 43: 29x29 (32x32)
font     D                ttf.c:287  alloc_glyph_region               [   0.18001] Locking glyph region: 000001C4E8517390 0 0 32 32
font     D                ttf.c:167  unlock_current_page              [   0.18252] Unlocking page: 000001C4E8517390
font     D                ttf.c:243  alloc_glyph_region               [   0.18274] Glyph 40: 29x29 (32x32)
font     D                ttf.c:287  alloc_glyph_region               [   0.18283] Locking glyph region: 000001C4E8517390 32 0 32 32
font     D                ttf.c:167  unlock_current_page              [   0.18296] Unlocking page: 000001C4E8517390
font     D                ttf.c:243  alloc_glyph_region               [   0.18309] Glyph 60: 29x29 (32x32)
font     D                ttf.c:287  alloc_glyph_region               [   0.18317] Locking glyph region: 000001C4E8517390 64 0 32 32
font     D                ttf.c:167  unlock_current_page              [   0.18329] Unlocking page: 000001C4E8517390
font     D                ttf.c:446  cache_glyph                      [   0.18339] Glyph 3 has zero size.
font     D                ttf.c:243  alloc_glyph_region               [   0.18351] Glyph 55: 25x29 (28x32)
font     D                ttf.c:287  alloc_glyph_region               [   0.18358] Locking glyph region: 000001C4E8517390 96 0 28 32
font     D                ttf.c:167  unlock_current_page              [   0.18368] Unlocking page: 000001C4E8517390
font     D                ttf.c:243  alloc_glyph_region               [   0.18381] Glyph 36: 29x29 (32x32)
font     D                ttf.c:287  alloc_glyph_region               [   0.18388] Locking glyph region: 000001C4E8517390 124 0 32 32
font     D                ttf.c:167  unlock_current_page              [   0.18399] Unlocking page: 000001C4E8517390
font     D                ttf.c:243  alloc_glyph_region               [   0.18411] Glyph 10: 6x11 (8x12)
font     D                ttf.c:287  alloc_glyph_region               [   0.18418] Locking glyph region: 000001C4E8517390 156 0 8 12
font     D                ttf.c:167  unlock_current_page              [   0.18427] Unlocking page: 000001C4E8517390
font     D                ttf.c:243  alloc_glyph_region               [   0.18438] Glyph 54: 29x29 (32x32)
font     D                ttf.c:287  alloc_glyph_region               [   0.18443] Locking glyph region: 000001C4E8517390 164 0 32 32
font     D                ttf.c:167  unlock_current_page              [   0.18451] Unlocking page: 000001C4E8517390
font     D                ttf.c:243  alloc_glyph_region               [   0.18460] Glyph 48: 29x29 (32x32)
font     D                ttf.c:287  alloc_glyph_region               [   0.18465] Locking glyph region: 000001C4E8517390 196 0 32 32
font     D                ttf.c:167  unlock_current_page              [   0.18473] Unlocking page: 000001C4E8517390
font     D                ttf.c:243  alloc_glyph_region               [   0.18482] Glyph 41: 29x29 (32x32)
font     D                ttf.c:287  alloc_glyph_region               [   0.18487] Locking glyph region: 000001C4E8517390 228 0 32 32
font     D                ttf.c:167  unlock_current_page              [   0.18495] Unlocking page: 000001C4E8517390
font     D                ttf.c:243  alloc_glyph_region               [   0.18504] Glyph 44: 10x29 (12x32)
font     D                ttf.c:287  alloc_glyph_region               [   0.18509] Locking glyph region: 000001C4E8517390 260 0 12 32
font     D                ttf.c:167  unlock_current_page              [   0.18515] Unlocking page: 000001C4E8517390
font     D                ttf.c:243  alloc_glyph_region               [   0.18524] Glyph 4: 10x29 (12x32)
font     D                ttf.c:287  alloc_glyph_region               [   0.18529] Locking glyph region: 000001C4E8517390 272 0 12 32
font     D                ttf.c:167  unlock_current_page              [   0.18536] Unlocking page: 000001C4E8517390
d3d      D         d3d_disp.cpp:1202 real_choose_bitmap_format        [   0.18597] Fake format
d3d      D         d3d_disp.cpp:1202 real_choose_bitmap_format        [   0.18614] Fake format
d3d      D         d3d_disp.cpp:1202 real_choose_bitmap_format        [   0.18625] Fake format
d3d      D         d3d_disp.cpp:1202 real_choose_bitmap_format        [   0.18633] Fake format
d3d      D         d3d_disp.cpp:1202 real_choose_bitmap_format        [   0.18640] Fake format
d3d      D         d3d_disp.cpp:1202 real_choose_bitmap_format        [   0.18646] Fake format
d3d      D         d3d_disp.cpp:1202 real_choose_bitmap_format        [   0.18652] Fake format
d3d      D         d3d_disp.cpp:1202 real_choose_bitmap_format        [   0.18665] Fake format
d3d      D         d3d_disp.cpp:1202 real_choose_bitmap_format        [   0.18675] Fake format
d3d      D         d3d_disp.cpp:1210 real_choose_bitmap_format        [   0.18683] Alpha doesn't match
d3d      D         d3d_disp.cpp:1217 real_choose_bitmap_format        [   0.18690] Adapter format is 23
d3d      D         d3d_disp.cpp:1220 real_choose_bitmap_format        [   0.18700] Found a format
d3d      I         d3d_disp.cpp:2391 d3d_create_bitmap                [   0.18707] Chose bitmap format 9
font     D                ttf.c:243  alloc_glyph_region               [   0.18858] Glyph 51: 20x20 (20x20)
font     D                ttf.c:287  alloc_glyph_region               [   0.18876] Locking glyph region: 000001C4E89141A0 0 0 20 20
font     D                ttf.c:167  unlock_current_page              [   0.20119] Unlocking page: 000001C4E89141A0
font     D                ttf.c:243  alloc_glyph_region               [   0.20140] Glyph 53: 20x20 (20x20)
font     D                ttf.c:287  alloc_glyph_region               [   0.20146] Locking glyph region: 000001C4E89141A0 20 0 20 20
font     D                ttf.c:167  unlock_current_page              [   0.20154] Unlocking page: 000001C4E89141A0
font     D                ttf.c:243  alloc_glyph_region               [   0.20163] Glyph 40: 20x20 (20x20)
font     D                ttf.c:287  alloc_glyph_region               [   0.20168] Locking glyph region: 000001C4E89141A0 40 0 20 20
font     D                ttf.c:167  unlock_current_page              [   0.20175] Unlocking page: 000001C4E89141A0
font     D                ttf.c:243  alloc_glyph_region               [   0.20184] Glyph 54: 20x20 (20x20)
font     D                ttf.c:287  alloc_glyph_region               [   0.20189] Locking glyph region: 000001C4E89141A0 60 0 20 20
font     D                ttf.c:167  unlock_current_page              [   0.20196] Unlocking page: 000001C4E89141A0
font     D                ttf.c:446  cache_glyph                      [   0.20203] Glyph 3 has zero size.
font     D                ttf.c:243  alloc_glyph_region               [   0.20211] Glyph 49: 20x20 (20x20)
font     D                ttf.c:287  alloc_glyph_region               [   0.20216] Locking glyph region: 000001C4E89141A0 80 0 20 20
font     D                ttf.c:167  unlock_current_page              [   0.20223] Unlocking page: 000001C4E89141A0
font     D                ttf.c:243  alloc_glyph_region               [   0.20231] Glyph 55: 17x20 (20x20)
font     D                ttf.c:287  alloc_glyph_region               [   0.20236] Locking glyph region: 000001C4E89141A0 100 0 20 20
font     D                ttf.c:167  unlock_current_page              [   0.20265] Unlocking page: 000001C4E89141A0
font     D                ttf.c:243  alloc_glyph_region               [   0.20275] Glyph 50: 20x20 (20x20)
font     D                ttf.c:287  alloc_glyph_region               [   0.20280] Locking glyph region: 000001C4E89141A0 120 0 20 20
font     D                ttf.c:167  unlock_current_page              [   0.20295] Unlocking page: 000001C4E89141A0
font     D                ttf.c:243  alloc_glyph_region               [   0.20310] Glyph 36: 20x20 (20x20)
font     D                ttf.c:287  alloc_glyph_region               [   0.20316] Locking glyph region: 000001C4E89141A0 140 0 20 20
font     D                ttf.c:167  unlock_current_page              [   0.20324] Unlocking page: 000001C4E89141A0
d3d      D          d3d_bmp.cpp:539  _al_d3d_sync_bitmap              [   0.20642] _al_d3d_sync_bitmap (system) ref count == 1
d3d      D          d3d_bmp.cpp:545  _al_d3d_sync_bitmap              [   0.20655] _al_d3d_sync_bitmap (video) ref count == 1
d3d      D          d3d_bmp.cpp:539  _al_d3d_sync_bitmap              [   0.21329] _al_d3d_sync_bitmap (system) ref count == 1
d3d      D          d3d_bmp.cpp:545  _al_d3d_sync_bitmap              [   0.21343] _al_d3d_sync_bitmap (video) ref count == 1
font     D                ttf.c:243  alloc_glyph_region               [   1.14522] Glyph 51: 29x29 (32x32)
font     D                ttf.c:287  alloc_glyph_region               [   1.14532] Locking glyph region: 000001C4E8517390 284 0 32 32
font     D                ttf.c:167  unlock_current_page              [   1.14550] Unlocking page: 000001C4E8517390
font     D                ttf.c:243  alloc_glyph_region               [   1.14561] Glyph 47: 29x29 (32x32)
font     D                ttf.c:287  alloc_glyph_region               [   1.14566] Locking glyph region: 000001C4E8517390 316 0 32 32
font     D                ttf.c:167  unlock_current_page              [   1.14588] Unlocking page: 000001C4E8517390
font     D                ttf.c:243  alloc_glyph_region               [   1.14602] Glyph 49: 29x29 (32x32)
font     D                ttf.c:287  alloc_glyph_region               [   1.14607] Locking glyph region: 000001C4E8517390 348 0 32 32
font     D                ttf.c:167  unlock_current_page              [   1.14620] Unlocking page: 000001C4E8517390
font     D                ttf.c:243  alloc_glyph_region               [   1.14630] Glyph 42: 29x29 (32x32)
font     D                ttf.c:287  alloc_glyph_region               [   1.14635] Locking glyph region: 000001C4E8517390 380 0 32 32
font     D                ttf.c:167  unlock_current_page              [   1.14643] Unlocking page: 000001C4E8517390
font     D                ttf.c:243  alloc_glyph_region               [   1.14654] Glyph 59: 29x29 (32x32)
font     D                ttf.c:287  alloc_glyph_region               [   1.14659] Locking glyph region: 000001C4E8517390 412 0 32 32
font     D                ttf.c:167  unlock_current_page              [   1.14676] Unlocking page: 000001C4E8517390
d3d      D          d3d_bmp.cpp:539  _al_d3d_sync_bitmap              [   1.14744] _al_d3d_sync_bitmap (system) ref count == 1
d3d      D          d3d_bmp.cpp:545  _al_d3d_sync_bitmap              [   1.14753] _al_d3d_sync_bitmap (video) ref count == 1
dtor     D               dtor.c:227  _al_unregister_destructor        [   4.96575] removed dtor for timer 000001C4E1BC5000
dtor     D               dtor.c:227  _al_unregister_destructor        [   4.96592] removed dtor for queue 000001C4E1BE23F0
d3d      I         d3d_disp.cpp:915  d3d_destroy_display              [   4.96602] destroying display 000001C4E1C533C0 (current 0000000000000000)
bitmap   D        bitmap_type.c:308  _al_convert_to_memory_bitmap     [   4.96936] converting display bitmap 000001C4E89141A0 to memory bitmap
dtor     D               dtor.c:196  _al_register_destructor          [   4.96982] added dtor for bitmap 000001C4E850A200, func 00007FFF64EA1186
d3d      D          d3d_bmp.cpp:539  _al_d3d_sync_bitmap              [   4.97028] _al_d3d_sync_bitmap (system) ref count == 1
d3d      D          d3d_bmp.cpp:545  _al_d3d_sync_bitmap              [   4.97034] _al_d3d_sync_bitmap (video) ref count == 1
dtor     D               dtor.c:227  _al_unregister_destructor        [   4.97220] removed dtor for bitmap 000001C4E850A200
bitmap   D        bitmap_type.c:308  _al_convert_to_memory_bitmap     [   4.97286] converting display bitmap 000001C4E8517390 to memory bitmap
dtor     D               dtor.c:196  _al_register_destructor          [   4.97339] added dtor for bitmap 000001C4E850AF90, func 00007FFF64EA1186
d3d      D          d3d_bmp.cpp:539  _al_d3d_sync_bitmap              [   4.97350] _al_d3d_sync_bitmap (system) ref count == 1
d3d      D          d3d_bmp.cpp:545  _al_d3d_sync_bitmap              [   4.97357] _al_d3d_sync_bitmap (video) ref count == 1
dtor     D               dtor.c:227  _al_unregister_destructor        [   4.97537] removed dtor for bitmap 000001C4E850AF90
d3d      D         d3d_disp.cpp:899  d3d_destroy_display_internals    [   4.97588] waiting for display 000001C4E1C533C0's thread to end
d3d      W         d3d_disp.cpp:608  d3d_destroy_device               [   4.99503] d3d_destroy_device: ref count not 0
d3d      W         d3d_disp.cpp:608  d3d_destroy_device               [   4.99526] d3d_destroy_device: ref count not 0
d3d      I         d3d_disp.cpp:1562 d3d_display_thread_proc          [   5.00747] d3d display thread exits
dtor     D               dtor.c:227  _al_unregister_destructor        [   5.00792] removed dtor for ttf_font 000001C4E1C9D620
dtor     D               dtor.c:227  _al_unregister_destructor        [   5.00887] removed dtor for ttf_font 000001C4E1C9D9A0
dtor     D               dtor.c:227  _al_unregister_destructor        [   5.00957] removed dtor for ttf_font 000001C4E850E450
